<?xml version="1.0" encoding="UTF-8"?>
<!-- Generated by org.testng.reporters.JUnitReportReporter -->
<testsuite hostname="Akash" failures="0" tests="1" name="TestCase.Parent_Form" time="36.827" errors="0" timestamp="2023-07-30T22:17:38 IST" skipped="0">
  <testcase classname="TestCase.Parent_Form" name="FillupForm_Parent" time="36.827"/>
  <system-out/>
</testsuite> <!-- TestCase.Parent_Form -->
