<?xml version="1.0" encoding="UTF-8"?>
<!-- Generated by org.testng.reporters.JUnitReportReporter -->
<testsuite hostname="Akash" failures="0" tests="1" name="TestCase.Admin_Functionality" time="15.625" errors="0" timestamp="2023-08-07T11:03:29 IST" skipped="0">
  <testcase classname="TestCase.Admin_Functionality" name="Admin_Dashboard_Check" time="15.625"/>
  <system-out/>
</testsuite> <!-- TestCase.Admin_Functionality -->
