<?xml version="1.0" encoding="UTF-8"?>
<!-- Generated by org.testng.reporters.JUnitReportReporter -->
<testsuite hostname="Akash" failures="0" tests="1" name="TestCase.Teacher_Form" time="25.149" errors="0" timestamp="2023-07-28T10:58:37 IST" skipped="0">
  <testcase classname="TestCase.Teacher_Form" name="FillupForm_Teacher" time="25.149"/>
  <system-out/>
</testsuite> <!-- TestCase.Teacher_Form -->
