<?xml version="1.0" encoding="UTF-8"?>
<!-- Generated by org.testng.reporters.JUnitReportReporter -->
<testsuite hostname="Akash" failures="0" tests="1" name="TestCase.Student_Form" time="10.284" errors="0" timestamp="2023-07-24T10:44:38 IST" skipped="0">
  <testcase classname="TestCase.Student_Form" name="FillupForm_Student" time="10.284"/>
  <system-out/>
</testsuite> <!-- TestCase.Student_Form -->
