<?xml version="1.0" encoding="UTF-8"?>
<!-- Generated by org.testng.reporters.JUnitReportReporter -->
<testsuite hostname="DESKTOP-0Q2F0AL" failures="0" tests="1" name="TestCase.DoE_Login_Test" time="5.046" errors="0" timestamp="2023-07-18T19:24:43 IST" skipped="0">
  <testcase classname="TestCase.DoE_Login_Test" name="DOE_Login" time="5.046"/>
  <system-out/>
</testsuite> <!-- TestCase.DoE_Login_Test -->
