<?xml version="1.0" encoding="UTF-8"?>
<!-- Generated by org.testng.reporters.JUnitReportReporter -->
<testsuite hostname="Akash" failures="0" tests="6" name="TestCase.DoE_Functionality" time="106.396" errors="0" timestamp="2023-07-30T22:17:38 IST" skipped="0">
  <testcase classname="TestCase.DoE_Functionality" name="DOE_Received_List_Parent" time="10.019"/>
  <system-out/>
  <testcase classname="TestCase.DoE_Functionality" name="DOE_Accept_List_Parent" time="25.897"/>
  <system-out/>
  <testcase classname="TestCase.DoE_Functionality" name="DOE_Received_List_Teacher" time="8.377"/>
  <system-out/>
  <testcase classname="TestCase.DoE_Functionality" name="DOE_Accept_List_Teacher" time="22.906"/>
  <system-out/>
  <testcase classname="TestCase.DoE_Functionality" name="DOE_Received_List_Student" time="13.521"/>
  <system-out/>
  <testcase classname="TestCase.DoE_Functionality" name="DOE_Accept_List_Student" time="25.676"/>
  <system-out/>
</testsuite> <!-- TestCase.DoE_Functionality -->
