<?xml version="1.0" encoding="UTF-8"?>
<!-- Generated by org.testng.reporters.JUnitReportReporter -->
<testsuite hostname="DESKTOP-0Q2F0AL" failures="0" tests="1" name="TestCase.DoE_Functionality" time="4.770" errors="0" timestamp="2023-07-20T14:44:09 IST" skipped="0">
  <testcase classname="TestCase.DoE_Functionality" name="DOE_Accept_Parent" time="4.770"/>
  <system-out/>
</testsuite> <!-- TestCase.DoE_Functionality -->
