<?xml version="1.0" encoding="UTF-8"?>
<!-- Generated by org.testng.reporters.JUnitReportReporter -->
<testsuite hostname="DESKTOP-0Q2F0AL" failures="0" tests="1" name="TestCase.DoE_Functionality" time="8.246" errors="0" timestamp="2023-07-11T18:29:38 IST" skipped="0">
  <testcase classname="TestCase.DoE_Functionality" name="DOE_Accept_Parent" time="8.246"/>
  <system-out/>
</testsuite> <!-- TestCase.DoE_Functionality -->
