<?xml version="1.0" encoding="UTF-8"?>
<!-- Generated by org.testng.reporters.JUnitReportReporter -->
<testsuite hostname="Akash" failures="0" tests="1" name="TestCase.Student_Form" time="28.061" errors="0" timestamp="2023-07-28T10:58:37 IST" skipped="0">
  <testcase classname="TestCase.Student_Form" name="FillupForm_Student" time="28.061"/>
  <system-out/>
</testsuite> <!-- TestCase.Student_Form -->
