<?xml version="1.0" encoding="UTF-8"?>
<!-- Generated by org.testng.reporters.JUnitReportReporter -->
<testsuite hostname="Akash" failures="0" tests="1" name="TestCase.Parent_Form" time="27.273" errors="0" timestamp="2023-07-28T10:58:37 IST" skipped="0">
  <testcase classname="TestCase.Parent_Form" name="FillupForm_Parent" time="27.273"/>
  <system-out/>
</testsuite> <!-- TestCase.Parent_Form -->
