<?xml version="1.0" encoding="UTF-8"?>
<!-- Generated by org.testng.reporters.JUnitReportReporter -->
<testsuite hostname="Akash" failures="0" tests="2" name="TestCase.DoE_Functionality" time="12.125" errors="0" timestamp="2023-07-23T01:34:00 IST" skipped="0">
  <testcase classname="TestCase.DoE_Functionality" name="DOE_Accept_List_Parent" time="6.008"/>
  <system-out/>
  <testcase classname="TestCase.DoE_Functionality" name="DOE_Accept_List_Teacher" time="6.117"/>
  <system-out/>
</testsuite> <!-- TestCase.DoE_Functionality -->
