<?xml version="1.0" encoding="UTF-8"?>
<!-- Generated by org.testng.reporters.JUnitReportReporter -->
<testsuite hostname="DESKTOP-0Q2F0AL" failures="0" tests="1" name="BaseClass.Parent_Form" time="8.449" errors="0" timestamp="2023-07-03T10:45:22 IST" skipped="0">
  <testcase classname="BaseClass.Parent_Form" name="FillupForm" time="8.449"/>
  <system-out/>
</testsuite> <!-- BaseClass.Parent_Form -->
