<?xml version="1.0" encoding="UTF-8"?>
<!-- Generated by org.testng.reporters.JUnitReportReporter -->
<testsuite hostname="DESKTOP-0Q2F0AL" failures="0" tests="1" name="TestCase.Parent_Form" time="20.462" errors="0" timestamp="2023-07-14T11:15:00 IST" skipped="0">
  <testcase classname="TestCase.Parent_Form" name="FillupForm_Parent" time="20.462"/>
  <system-out/>
</testsuite> <!-- TestCase.Parent_Form -->
