<?xml version="1.0" encoding="UTF-8"?>
<!-- Generated by org.testng.reporters.JUnitReportReporter -->
<testsuite hostname="Akash" failures="0" tests="1" name="TestCase.Teacher_Form" time="34.087" errors="0" timestamp="2023-07-30T22:17:38 IST" skipped="0">
  <testcase classname="TestCase.Teacher_Form" name="FillupForm_Teacher" time="34.087"/>
  <system-out/>
</testsuite> <!-- TestCase.Teacher_Form -->
