<?xml version="1.0" encoding="UTF-8"?>
<!-- Generated by org.testng.reporters.JUnitReportReporter -->
<testsuite hostname="Akash" failures="0" tests="1" name="TestCase.Student_Form" time="38.479" errors="0" timestamp="2023-07-30T22:17:38 IST" skipped="0">
  <testcase classname="TestCase.Student_Form" name="FillupForm_Student" time="38.479"/>
  <system-out/>
</testsuite> <!-- TestCase.Student_Form -->
